mode: set
nozzlium/kepo_backend/answer/answer_service_impl.go:19.124,26.2 2 1
nozzlium/kepo_backend/answer/answer_service_impl.go:28.123,35.2 2 1
nozzlium/kepo_backend/auth/auth_service_impl.go:21.117,32.2 2 1
nozzlium/kepo_backend/auth/auth_service_impl.go:34.114,43.16 2 1
nozzlium/kepo_backend/auth/auth_service_impl.go:49.2,50.16 2 1
nozzlium/kepo_backend/auth/auth_service_impl.go:53.2,54.49 2 1
nozzlium/kepo_backend/auth/auth_service_impl.go:43.16,44.45 1 1
nozzlium/kepo_backend/auth/auth_service_impl.go:47.3,47.38 1 0
nozzlium/kepo_backend/auth/auth_service_impl.go:44.45,46.4 1 1
nozzlium/kepo_backend/auth/auth_service_impl.go:50.16,52.3 1 1
nozzlium/kepo_backend/auth/jwt.go:16.47,27.2 5 1
nozzlium/kepo_backend/auth/jwt.go:29.60,31.102 2 0
nozzlium/kepo_backend/auth/jwt.go:34.2,34.16 1 0
nozzlium/kepo_backend/auth/jwt.go:38.2,39.23 2 0
nozzlium/kepo_backend/auth/jwt.go:43.2,43.49 1 0
nozzlium/kepo_backend/auth/jwt.go:31.102,33.3 1 0
nozzlium/kepo_backend/auth/jwt.go:34.16,36.3 1 0
nozzlium/kepo_backend/auth/jwt.go:39.23,41.3 1 0
nozzlium/kepo_backend/answerlike/answerlike_service_impl.go:18.137,19.18 1 1
nozzlium/kepo_backend/answerlike/answerlike_service_impl.go:19.18,26.3 2 1
nozzlium/kepo_backend/answerlike/answerlike_service_impl.go:26.8,33.3 2 1
nozzlium/kepo_backend/question/question_service_impl.go:19.124,26.2 2 1
nozzlium/kepo_backend/question/question_service_impl.go:28.130,35.2 2 1
nozzlium/kepo_backend/question/question_service_impl.go:37.130,44.2 2 1
nozzlium/kepo_backend/questionlike/questionlike_service_impl.go:18.143,19.19 1 1
nozzlium/kepo_backend/questionlike/questionlike_service_impl.go:19.19,26.3 2 1
nozzlium/kepo_backend/questionlike/questionlike_service_impl.go:26.8,33.3 2 1
nozzlium/kepo_backend/test/connect_test_db.go:10.29,15.2 4 0
