mode: set
nozzlium/kepo_backend/question/question_service_impl.go:19.124,26.2 2 1
nozzlium/kepo_backend/question/question_service_impl.go:28.130,35.2 2 1
nozzlium/kepo_backend/question/question_service_impl.go:37.130,44.2 2 1
nozzlium/kepo_backend/question/mock.go:67.62,71.2 1 1
nozzlium/kepo_backend/question/mock.go:73.43,82.2 1 1
nozzlium/kepo_backend/question/mock.go:84.41,93.2 1 1
nozzlium/kepo_backend/question/mock.go:95.46,104.2 1 1
nozzlium/kepo_backend/question/mock.go:106.54,115.2 1 1
nozzlium/kepo_backend/question/mock.go:117.43,127.2 1 1
nozzlium/kepo_backend/question/mock.go:129.48,138.2 1 1
nozzlium/kepo_backend/question/mock.go:140.43,149.2 1 1
nozzlium/kepo_backend/question/question_controller_impl.go:25.127,27.9 2 1
nozzlium/kepo_backend/question/question_controller_impl.go:31.2,37.16 6 1
nozzlium/kepo_backend/question/question_controller_impl.go:41.2,65.26 6 1
nozzlium/kepo_backend/question/question_controller_impl.go:27.9,28.41 1 1
nozzlium/kepo_backend/question/question_controller_impl.go:37.16,38.39 1 1
nozzlium/kepo_backend/question/question_controller_impl.go:68.124,70.9 2 1
nozzlium/kepo_backend/question/question_controller_impl.go:74.2,95.26 10 1
nozzlium/kepo_backend/question/question_controller_impl.go:70.9,71.41 1 1
nozzlium/kepo_backend/question/question_controller_impl.go:98.128,100.9 2 1
nozzlium/kepo_backend/question/question_controller_impl.go:104.2,109.16 5 1
nozzlium/kepo_backend/question/question_controller_impl.go:112.2,117.24 4 1
nozzlium/kepo_backend/question/question_controller_impl.go:121.2,128.26 4 1
nozzlium/kepo_backend/question/question_controller_impl.go:100.9,101.41 1 1
nozzlium/kepo_backend/question/question_controller_impl.go:109.16,110.39 1 1
nozzlium/kepo_backend/question/question_controller_impl.go:117.24,118.37 1 1
nozzlium/kepo_backend/question/question_controller_impl.go:131.130,133.9 2 1
nozzlium/kepo_backend/question/question_controller_impl.go:137.2,139.16 3 1
nozzlium/kepo_backend/question/question_controller_impl.go:143.2,167.26 11 1
nozzlium/kepo_backend/question/question_controller_impl.go:133.9,134.41 1 1
nozzlium/kepo_backend/question/question_controller_impl.go:139.16,140.39 1 1
