mode: set
nozzlium/kepo_backend/questionlike/mock.go:34.36,47.2 1 1
nozzlium/kepo_backend/questionlike/mock.go:49.39,62.2 1 1
nozzlium/kepo_backend/questionlike/mock.go:84.38,94.2 1 1
nozzlium/kepo_backend/questionlike/mock.go:96.41,106.2 1 1
nozzlium/kepo_backend/questionlike/questionlike_controller_impl.go:23.129,54.2 13 1
nozzlium/kepo_backend/questionlike/questionlike_service_impl.go:20.144,23.20 3 1
nozzlium/kepo_backend/questionlike/questionlike_service_impl.go:36.2,36.16 1 1
nozzlium/kepo_backend/questionlike/questionlike_service_impl.go:40.2,50.18 2 1
nozzlium/kepo_backend/questionlike/questionlike_service_impl.go:53.2,59.18 3 1
nozzlium/kepo_backend/questionlike/questionlike_service_impl.go:23.20,29.3 1 1
nozzlium/kepo_backend/questionlike/questionlike_service_impl.go:29.8,35.3 1 1
nozzlium/kepo_backend/questionlike/questionlike_service_impl.go:36.16,38.3 1 0
nozzlium/kepo_backend/questionlike/questionlike_service_impl.go:50.18,52.3 1 0
